Using pre-set license
Built from '2021.3/staging' branch; Version is '2021.3.8f1 (b30333d56e81) revision 11731763'; Using compiler version '192829333'; Build Type 'Release'
OS: 'Windows 10  (10.0.19045) 64bit Professional' Language: 'ko' Physical Memory: 16318 MB
BatchMode: 1, IsHumanControllingUs: 0, StartBugReporterOnCrash: 0, Is64bit: 1, IsPro: 1

COMMAND LINE ARGUMENTS:
C:\Program Files\Unity\Hub\Editor\2021.3.8f1\Editor\Unity.exe
-adb2
-batchMode
-noUpm
-name
AssetImportWorker0
-projectPath
D:/3DGame
-logFile
Logs/AssetImportWorker0.log
-srvPort
65467
Successfully changed project path to: D:/3DGame
D:/3DGame
[UnityMemory] Configuration Parameters - Can be set up in boot.config
    "memorysetup-bucket-allocator-granularity=16"
    "memorysetup-bucket-allocator-bucket-count=8"
    "memorysetup-bucket-allocator-block-size=33554432"
    "memorysetup-bucket-allocator-block-count=8"
    "memorysetup-main-allocator-block-size=16777216"
    "memorysetup-thread-allocator-block-size=16777216"
    "memorysetup-gfx-main-allocator-block-size=16777216"
    "memorysetup-gfx-thread-allocator-block-size=16777216"
    "memorysetup-cache-allocator-block-size=4194304"
    "memorysetup-typetree-allocator-block-size=2097152"
    "memorysetup-profiler-bucket-allocator-granularity=16"
    "memorysetup-profiler-bucket-allocator-bucket-count=8"
    "memorysetup-profiler-bucket-allocator-block-size=33554432"
    "memorysetup-profiler-bucket-allocator-block-count=8"
    "memorysetup-profiler-allocator-block-size=16777216"
    "memorysetup-profiler-editor-allocator-block-size=1048576"
    "memorysetup-temp-allocator-size-main=16777216"
    "memorysetup-job-temp-allocator-block-size=2097152"
    "memorysetup-job-temp-allocator-block-size-background=1048576"
    "memorysetup-job-temp-allocator-reduction-small-platforms=262144"
    "memorysetup-temp-allocator-size-background-worker=32768"
    "memorysetup-temp-allocator-size-job-worker=262144"
    "memorysetup-temp-allocator-size-preload-manager=33554432"
    "memorysetup-temp-allocator-size-nav-mesh-worker=65536"
    "memorysetup-temp-allocator-size-audio-worker=65536"
    "memorysetup-temp-allocator-size-cloud-worker=32768"
    "memorysetup-temp-allocator-size-gi-baking-worker=262144"
    "memorysetup-temp-allocator-size-gfx=262144"
Refreshing native plugins compatible for Editor in 125.27 ms, found 3 plugins.
Preloading 0 native plugins for Editor in 0.00 ms.
Initialize engine version: 2021.3.8f1 (b30333d56e81)
[Subsystems] Discovering subsystems at path C:/Program Files/Unity/Hub/Editor/2021.3.8f1/Editor/Data/Resources/UnitySubsystems
[Subsystems] Discovering subsystems at path D:/3DGame/Assets
GfxDevice: creating device client; threaded=0; jobified=0
Direct3D:
    Version:  Direct3D 11.0 [level 11.1]
    Renderer: NVIDIA GeForce GTX 970 (ID=0x13c2)
    Vendor:   NVIDIA
    VRAM:     4043 MB
    Driver:   31.0.15.1694
Initialize mono
Mono path[0] = 'C:/Program Files/Unity/Hub/Editor/2021.3.8f1/Editor/Data/Managed'
Mono path[1] = 'C:/Program Files/Unity/Hub/Editor/2021.3.8f1/Editor/Data/MonoBleedingEdge/lib/mono/unityjit-win32'
Mono config path = 'C:/Program Files/Unity/Hub/Editor/2021.3.8f1/Editor/Data/MonoBleedingEdge/etc'
Using monoOptions --debugger-agent=transport=dt_socket,embedding=1,server=y,suspend=n,address=127.0.0.1:56104
Begin MonoManager ReloadAssembly
Registering precompiled unity dll's ...
Register platform support module: C:/Program Files/Unity/Hub/Editor/2021.3.8f1/Editor/Data/PlaybackEngines/WindowsStandaloneSupport/UnityEditor.WindowsStandalone.Extensions.dll
Registered in 0.010452 seconds.
Native extension for WindowsStandalone target not found
Refreshing native plugins compatible for Editor in 123.52 ms, found 3 plugins.
Preloading 0 native plugins for Editor in 0.00 ms.
Mono: successfully reloaded assembly
- Completed reload, in  0.971 seconds
Domain Reload Profiling:
	ReloadAssembly (972ms)
		BeginReloadAssembly (92ms)
			ExecutionOrderSort (0ms)
			DisableScriptedObjects (0ms)
			BackupInstance (0ms)
			ReleaseScriptingObjects (0ms)
			CreateAndSetChildDomain (1ms)
		EndReloadAssembly (725ms)
			LoadAssemblies (89ms)
			RebuildTransferFunctionScriptingTraits (0ms)
			SetupTypeCache (188ms)
			ReleaseScriptCaches (0ms)
			RebuildScriptCaches (56ms)
			SetupLoadedEditorAssemblies (391ms)
				LogAssemblyErrors (0ms)
				InitializePlatformSupportModulesInManaged (12ms)
				SetLoadedEditorAssemblies (0ms)
				RefreshPlugins (124ms)
				BeforeProcessingInitializeOnLoad (2ms)
				ProcessInitializeOnLoadAttributes (186ms)
				ProcessInitializeOnLoadMethodAttributes (67ms)
				AfterProcessingInitializeOnLoad (0ms)
				EditorAssembliesLoaded (0ms)
			ExecutionOrderSort2 (0ms)
			AwakeInstancesAfterBackupRestoration (0ms)
Platform modules already initialized, skipping
Registering precompiled user dll's ...
Registered in 0.005859 seconds.
Begin MonoManager ReloadAssembly
Symbol file LoadedFromMemory doesn't match image D:\3DGame\Library\PackageCache\com.unity.visualscripting@1.7.8\Editor\VisualScripting.Core\Dependencies\YamlDotNet\Unity.VisualScripting.YamlDotNet.dll
Symbol file LoadedFromMemory doesn't match image D:\3DGame\Library\PackageCache\com.unity.visualscripting@1.7.8\Editor\VisualScripting.Core\Dependencies\DotNetZip\Unity.VisualScripting.IonicZip.dll
Native extension for WindowsStandalone target not found
Refreshing native plugins compatible for Editor in 1.13 ms, found 3 plugins.
Preloading 0 native plugins for Editor in 0.00 ms.
Mono: successfully reloaded assembly
- Completed reload, in  1.527 seconds
Domain Reload Profiling:
	ReloadAssembly (1529ms)
		BeginReloadAssembly (187ms)
			ExecutionOrderSort (0ms)
			DisableScriptedObjects (9ms)
			BackupInstance (0ms)
			ReleaseScriptingObjects (0ms)
			CreateAndSetChildDomain (30ms)
		EndReloadAssembly (1161ms)
			LoadAssemblies (134ms)
			RebuildTransferFunctionScriptingTraits (0ms)
			SetupTypeCache (431ms)
			ReleaseScriptCaches (1ms)
			RebuildScriptCaches (77ms)
			SetupLoadedEditorAssemblies (486ms)
				LogAssemblyErrors (0ms)
				InitializePlatformSupportModulesInManaged (9ms)
				SetLoadedEditorAssemblies (1ms)
				RefreshPlugins (1ms)
				BeforeProcessingInitializeOnLoad (130ms)
				ProcessInitializeOnLoadAttributes (298ms)
				ProcessInitializeOnLoadMethodAttributes (37ms)
				AfterProcessingInitializeOnLoad (10ms)
				EditorAssembliesLoaded (0ms)
			ExecutionOrderSort2 (0ms)
			AwakeInstancesAfterBackupRestoration (7ms)
Platform modules already initialized, skipping
========================================================================
Worker process is ready to serve import requests
Launched and connected shader compiler UnityShaderCompiler.exe after 0.07 seconds
Refreshing native plugins compatible for Editor in 1.02 ms, found 3 plugins.
Preloading 0 native plugins for Editor in 0.00 ms.
Unloading 3356 Unused Serialized files (Serialized files now loaded: 0)
Unloading 27 unused Assets / (111.4 KB). Loaded Objects now: 3816.
Memory consumption went from 116.1 MB to 115.9 MB.
Total: 6.417300 ms (FindLiveObjects: 0.743700 ms CreateObjectMapping: 0.665800 ms MarkObjects: 4.765700 ms  DeleteObjects: 0.239400 ms)

AssetImportParameters requested are different than current active one (requested -> active):
  custom:video-decoder-ogg-theora: a1e56fd34408186e4bbccfd4996cb3dc -> 
  custom:container-muxer-webm: aa71ff27fc2769a1b78a27578f13a17b -> 
  custom:container-demuxer-webm: 4f35f7cbe854078d1ac9338744f61a02 -> 
  custom:video-encoder-webm-vp8: eb34c28f22e8b96e1ab97ce403110664 -> 
  custom:video-codec-MediaFoundation-h265: 746d11721c4dcdbdad8f713fa42b33f4 -> 
  custom:audio-encoder-webm-vorbis: bf7c407c2cedff20999df2af8eb42d56 -> 
  custom:framework-win-MediaFoundation: 216162199b28c13a410421893ffa2e32 -> 
  custom:container-demuxer-ogg: 62fdf1f143b41e24485cea50d1cbac27 -> 
  custom:video-decoder-webm-vp8: 9c59270c3fd7afecdb556c50c9e8de78 -> 
  custom:audio-decoder-ogg-vorbis: bf7c407c2cedff20999df2af8eb42d56 -> 
========================================================================
Received Import Request.
  Time since last request: 415924.400541 seconds.
  path: Assets/dael/deco/box_yellow/box_yellow.png
  artifactKey: Guid(6e4b945efbfbede49ad057a8ba7893d3) Importer(815301076,1909f56bfc062723c751e8b465ee728b)
Start importing Assets/dael/deco/box_yellow/box_yellow.png using Guid(6e4b945efbfbede49ad057a8ba7893d3) Importer(815301076,1909f56bfc062723c751e8b465ee728b)  -> (artifact id: '51bca022a3242a5894f877de8053b7aa') in 0.156150 seconds 
========================================================================
Received Import Request.
  Time since last request: 14.708918 seconds.
  path: Assets/dael/Home/Home.fbx
  artifactKey: Guid(c5ce10b5ab9daae43a3b338ccd07170a) Importer(815301076,1909f56bfc062723c751e8b465ee728b)
Start importing Assets/dael/Home/Home.fbx using Guid(c5ce10b5ab9daae43a3b338ccd07170a) Importer(815301076,1909f56bfc062723c751e8b465ee728b)  -> (artifact id: '97b38eef991c94e684f1db736e114dfc') in 0.005714 seconds 
========================================================================
Received Import Request.
  Time since last request: 57.452425 seconds.
  path: Assets/dael/Home/Home.mtl
  artifactKey: Guid(7474a854cf23fe94e9c2675a24a5c86a) Importer(815301076,1909f56bfc062723c751e8b465ee728b)
Start importing Assets/dael/Home/Home.mtl using Guid(7474a854cf23fe94e9c2675a24a5c86a) Importer(815301076,1909f56bfc062723c751e8b465ee728b)  -> (artifact id: 'a7e623af22ef0e7f67e63e1b71bab196') in 0.004258 seconds 
========================================================================
Received Import Request.
  Time since last request: 28.357091 seconds.
  path: Assets/dael/etc/Traffic_light
  artifactKey: Guid(2c6944a09ca1cfb46be371854b927391) Importer(815301076,1909f56bfc062723c751e8b465ee728b)
Start importing Assets/dael/etc/Traffic_light using Guid(2c6944a09ca1cfb46be371854b927391) Importer(815301076,1909f56bfc062723c751e8b465ee728b)  -> (artifact id: 'd6638f0956d6ea60cc006b983df0d05b') in 0.001037 seconds 
========================================================================
Received Import Request.
  Time since last request: 1.079854 seconds.
  path: Assets/dael/etc/board1
  artifactKey: Guid(91b763d07e0bd71418f8bad53322f79a) Importer(815301076,1909f56bfc062723c751e8b465ee728b)
Start importing Assets/dael/etc/board1 using Guid(91b763d07e0bd71418f8bad53322f79a) Importer(815301076,1909f56bfc062723c751e8b465ee728b)  -> (artifact id: '332580de47c97df1903797da64e798c6') in 0.001073 seconds 
========================================================================
Received Import Request.
  Time since last request: 0.048859 seconds.
  path: Assets/dael/etc/board1/board1.png
  artifactKey: Guid(411ce33a5fcaba345addffc6eef350ef) Importer(815301076,1909f56bfc062723c751e8b465ee728b)
Start importing Assets/dael/etc/board1/board1.png using Guid(411ce33a5fcaba345addffc6eef350ef) Importer(815301076,1909f56bfc062723c751e8b465ee728b)  -> (artifact id: 'c904e82953e19ea02bc8221a21581a7c') in 0.007159 seconds 
========================================================================
Received Import Request.
  Time since last request: 31.800232 seconds.
  path: Assets/dael/Chimeny 1/Chimney.fbx
  artifactKey: Guid(5851bb7541313194a881cfde490bad00) Importer(815301076,1909f56bfc062723c751e8b465ee728b)
Start importing Assets/dael/Chimeny 1/Chimney.fbx using Guid(5851bb7541313194a881cfde490bad00) Importer(815301076,1909f56bfc062723c751e8b465ee728b)  -> (artifact id: '6dc57c8ab54fb111d3fab5dce601ca14') in 0.102108 seconds 
========================================================================
Received Import Request.
  Time since last request: 3.769128 seconds.
  path: Assets/dael/Chimeny/Chimney.fbx
  artifactKey: Guid(293f6eb9f4526254895777f753d08b04) Importer(815301076,1909f56bfc062723c751e8b465ee728b)
Start importing Assets/dael/Chimeny/Chimney.fbx using Guid(293f6eb9f4526254895777f753d08b04) Importer(815301076,1909f56bfc062723c751e8b465ee728b)  -> (artifact id: 'af492d9324dc3d749ac26805d2738939') in 0.017742 seconds 
========================================================================
Received Import Request.
  Time since last request: 26.129280 seconds.
  path: Assets/dael/deco/box_pink/box_pink.fbx
  artifactKey: Guid(b22492039e9d2b94a99b2ab5a315e9c0) Importer(815301076,1909f56bfc062723c751e8b465ee728b)
Start importing Assets/dael/deco/box_pink/box_pink.fbx using Guid(b22492039e9d2b94a99b2ab5a315e9c0) Importer(815301076,1909f56bfc062723c751e8b465ee728b)  -> (artifact id: '07fa69c6a4cf34e25ed6287abb9d035b') in 0.001781 seconds 
========================================================================
Received Import Request.
  Time since last request: 0.000057 seconds.
  path: Assets/dael/deco/box_pink/New Material.mat
  artifactKey: Guid(79f0f9bc01efac148b0f6b06a05ecdc5) Importer(815301076,1909f56bfc062723c751e8b465ee728b)
Start importing Assets/dael/deco/box_pink/New Material.mat using Guid(79f0f9bc01efac148b0f6b06a05ecdc5) Importer(815301076,1909f56bfc062723c751e8b465ee728b)  -> (artifact id: '94eb7a857a5fe182b2c6e3a5d3a14943') in 0.030295 seconds 
========================================================================
Received Import Request.
  Time since last request: 29.472697 seconds.
  path: Assets/dael/etc/leaf/leaf_1.png
  artifactKey: Guid(45f1c5049b5fd5c478f56b1f4a75e5c3) Importer(815301076,1909f56bfc062723c751e8b465ee728b)
Start importing Assets/dael/etc/leaf/leaf_1.png using Guid(45f1c5049b5fd5c478f56b1f4a75e5c3) Importer(815301076,1909f56bfc062723c751e8b465ee728b)  -> (artifact id: '2aa8e88a6c421ac0cbd44caa711b1471') in 0.008755 seconds 
========================================================================
Received Import Request.
  Time since last request: 116.344875 seconds.
  path: Assets/dael/etc/box_yellow
  artifactKey: Guid(1680cb11409ad6d46b88396a2f8191a3) Importer(815301076,1909f56bfc062723c751e8b465ee728b)
Start importing Assets/dael/etc/box_yellow using Guid(1680cb11409ad6d46b88396a2f8191a3) Importer(815301076,1909f56bfc062723c751e8b465ee728b)  -> (artifact id: '15e41d4d8e6d84e78d9e6e0244139640') in 0.001183 seconds 
========================================================================
Received Import Request.
  Time since last request: 0.536790 seconds.
  path: Assets/dael/etc/box_yellow/box_yellow.fbx
  artifactKey: Guid(f00676fadf8b5c944b4da5cc8bc7a2df) Importer(815301076,1909f56bfc062723c751e8b465ee728b)
Start importing Assets/dael/etc/box_yellow/box_yellow.fbx using Guid(f00676fadf8b5c944b4da5cc8bc7a2df) Importer(815301076,1909f56bfc062723c751e8b465ee728b)  -> (artifact id: '65b16dd2e6d1f29eecc5ec5489fa56bd') in 0.020519 seconds 
========================================================================
Received Import Request.
  Time since last request: 52.318093 seconds.
  path: Assets/dael/etc/box_yellow/New Material.mat
  artifactKey: Guid(279821375ec8b3a4fb012bde84b5016e) Importer(815301076,1909f56bfc062723c751e8b465ee728b)
Start importing Assets/dael/etc/box_yellow/New Material.mat using Guid(279821375ec8b3a4fb012bde84b5016e) Importer(815301076,1909f56bfc062723c751e8b465ee728b)  -> (artifact id: '37b10c7ebac495b01bb0835453dd89ec') in 0.008648 seconds 
========================================================================
Received Import Request.
  Time since last request: 9.691459 seconds.
  path: Assets/dael/etc/box_yellow/box_yellow.fbx
  artifactKey: Guid(f00676fadf8b5c944b4da5cc8bc7a2df) Importer(815301076,1909f56bfc062723c751e8b465ee728b)
Start importing Assets/dael/etc/box_yellow/box_yellow.fbx using Guid(f00676fadf8b5c944b4da5cc8bc7a2df) Importer(815301076,1909f56bfc062723c751e8b465ee728b)  -> (artifact id: 'edd542952857543d836be35b68a68a74') in 0.015661 seconds 
========================================================================
Received Import Request.
  Time since last request: 99.052251 seconds.
  path: Assets/dael/etc/box_pink
  artifactKey: Guid(710f1a94ac82abf4c85c4714684fb0a6) Importer(815301076,1909f56bfc062723c751e8b465ee728b)
Start importing Assets/dael/etc/box_pink using Guid(710f1a94ac82abf4c85c4714684fb0a6) Importer(815301076,1909f56bfc062723c751e8b465ee728b)  -> (artifact id: 'ae3e9d3fada34eb966ec9a396fe86a6e') in 0.001135 seconds 
========================================================================
Received Import Request.
  Time since last request: 0.036113 seconds.
  path: Assets/dael/etc/box_pink/box_pink.fbx
  artifactKey: Guid(0de623285c2432749aab4b701f739031) Importer(815301076,1909f56bfc062723c751e8b465ee728b)
Start importing Assets/dael/etc/box_pink/box_pink.fbx using Guid(0de623285c2432749aab4b701f739031) Importer(815301076,1909f56bfc062723c751e8b465ee728b)  -> (artifact id: 'dc6e9de0589bc8ce80692b6169246f06') in 0.021140 seconds 
========================================================================
Received Import Request.
  Time since last request: 8.190442 seconds.
  path: Assets/dael/etc/box_pink/New Material.mat
  artifactKey: Guid(03e3c079e135c4042a1ef81e515f0af0) Importer(815301076,1909f56bfc062723c751e8b465ee728b)
Start importing Assets/dael/etc/box_pink/New Material.mat using Guid(03e3c079e135c4042a1ef81e515f0af0) Importer(815301076,1909f56bfc062723c751e8b465ee728b)  -> (artifact id: '6dd381fec3054884448acef628ba4628') in 0.008895 seconds 
========================================================================
Received Import Request.
  Time since last request: 7.150994 seconds.
  path: Assets/dael/etc/box_pink/box_pink.fbx
  artifactKey: Guid(0de623285c2432749aab4b701f739031) Importer(815301076,1909f56bfc062723c751e8b465ee728b)
Start importing Assets/dael/etc/box_pink/box_pink.fbx using Guid(0de623285c2432749aab4b701f739031) Importer(815301076,1909f56bfc062723c751e8b465ee728b)  -> (artifact id: 'b3f519940ad3fcada1a6f2e84cefc30a') in 0.014243 seconds 
========================================================================
Received Import Request.
  Time since last request: 58.137036 seconds.
  path: Assets/dael/etc/box_pink/box_pink.fbx
  artifactKey: Guid(0de623285c2432749aab4b701f739031) Importer(815301076,1909f56bfc062723c751e8b465ee728b)
Start importing Assets/dael/etc/box_pink/box_pink.fbx using Guid(0de623285c2432749aab4b701f739031) Importer(815301076,1909f56bfc062723c751e8b465ee728b)  -> (artifact id: '13013e8c9ea2d8f12bd9538495ff4351') in 0.017852 seconds 
