Using pre-set license
Built from '2021.3/staging' branch; Version is '2021.3.8f1 (b30333d56e81) revision 11731763'; Using compiler version '192829333'; Build Type 'Release'
OS: 'Windows 11  (10.0.22621) 64bit Education' Language: 'ko' Physical Memory: 16010 MB
BatchMode: 1, IsHumanControllingUs: 0, StartBugReporterOnCrash: 0, Is64bit: 1, IsPro: 1

COMMAND LINE ARGUMENTS:
C:\Program Files\Unity\Hub\Editor\2021.3.8f1\Editor\Unity.exe
-adb2
-batchMode
-noUpm
-name
AssetImportWorker4
-projectPath
C:/Users/OSJ/Documents/GitHub/3DGame
-logFile
Logs/AssetImportWorker4.log
-srvPort
54584
Successfully changed project path to: C:/Users/OSJ/Documents/GitHub/3DGame
C:/Users/OSJ/Documents/GitHub/3DGame
[UnityMemory] Configuration Parameters - Can be set up in boot.config
    "memorysetup-bucket-allocator-granularity=16"
    "memorysetup-bucket-allocator-bucket-count=8"
    "memorysetup-bucket-allocator-block-size=33554432"
    "memorysetup-bucket-allocator-block-count=8"
    "memorysetup-main-allocator-block-size=16777216"
    "memorysetup-thread-allocator-block-size=16777216"
    "memorysetup-gfx-main-allocator-block-size=16777216"
    "memorysetup-gfx-thread-allocator-block-size=16777216"
    "memorysetup-cache-allocator-block-size=4194304"
    "memorysetup-typetree-allocator-block-size=2097152"
    "memorysetup-profiler-bucket-allocator-granularity=16"
    "memorysetup-profiler-bucket-allocator-bucket-count=8"
    "memorysetup-profiler-bucket-allocator-block-size=33554432"
    "memorysetup-profiler-bucket-allocator-block-count=8"
    "memorysetup-profiler-allocator-block-size=16777216"
    "memorysetup-profiler-editor-allocator-block-size=1048576"
    "memorysetup-temp-allocator-size-main=16777216"
    "memorysetup-job-temp-allocator-block-size=2097152"
    "memorysetup-job-temp-allocator-block-size-background=1048576"
    "memorysetup-job-temp-allocator-reduction-small-platforms=262144"
    "memorysetup-temp-allocator-size-background-worker=32768"
    "memorysetup-temp-allocator-size-job-worker=262144"
    "memorysetup-temp-allocator-size-preload-manager=33554432"
    "memorysetup-temp-allocator-size-nav-mesh-worker=65536"
    "memorysetup-temp-allocator-size-audio-worker=65536"
    "memorysetup-temp-allocator-size-cloud-worker=32768"
    "memorysetup-temp-allocator-size-gi-baking-worker=262144"
    "memorysetup-temp-allocator-size-gfx=262144"
Refreshing native plugins compatible for Editor in 69.43 ms, found 3 plugins.
Preloading 0 native plugins for Editor in 0.00 ms.
Initialize engine version: 2021.3.8f1 (b30333d56e81)
[Subsystems] Discovering subsystems at path C:/Program Files/Unity/Hub/Editor/2021.3.8f1/Editor/Data/Resources/UnitySubsystems
[Subsystems] Discovering subsystems at path C:/Users/OSJ/Documents/GitHub/3DGame/Assets
GfxDevice: creating device client; threaded=0; jobified=0
Direct3D:
    Version:  Direct3D 11.0 [level 11.1]
    Renderer: Microsoft Basic Render Driver (ID=0x8c)
    Vendor:   Microsoft
    VRAM:     8005 MB
Initialize mono
Mono path[0] = 'C:/Program Files/Unity/Hub/Editor/2021.3.8f1/Editor/Data/Managed'
Mono path[1] = 'C:/Program Files/Unity/Hub/Editor/2021.3.8f1/Editor/Data/MonoBleedingEdge/lib/mono/unityjit-win32'
Mono config path = 'C:/Program Files/Unity/Hub/Editor/2021.3.8f1/Editor/Data/MonoBleedingEdge/etc'
Using monoOptions --debugger-agent=transport=dt_socket,embedding=1,server=y,suspend=n,address=127.0.0.1:56528
Begin MonoManager ReloadAssembly
Registering precompiled unity dll's ...
Register platform support module: C:/Program Files/Unity/Hub/Editor/2021.3.8f1/Editor/Data/PlaybackEngines/WindowsStandaloneSupport/UnityEditor.WindowsStandalone.Extensions.dll
Registered in 0.003173 seconds.
Native extension for WindowsStandalone target not found
Refreshing native plugins compatible for Editor in 67.08 ms, found 3 plugins.
Preloading 0 native plugins for Editor in 0.00 ms.
Mono: successfully reloaded assembly
- Completed reload, in  0.580 seconds
Domain Reload Profiling:
	ReloadAssembly (581ms)
		BeginReloadAssembly (67ms)
			ExecutionOrderSort (0ms)
			DisableScriptedObjects (0ms)
			BackupInstance (0ms)
			ReleaseScriptingObjects (0ms)
			CreateAndSetChildDomain (1ms)
		EndReloadAssembly (423ms)
			LoadAssemblies (66ms)
			RebuildTransferFunctionScriptingTraits (0ms)
			SetupTypeCache (86ms)
			ReleaseScriptCaches (0ms)
			RebuildScriptCaches (35ms)
			SetupLoadedEditorAssemblies (249ms)
				LogAssemblyErrors (0ms)
				InitializePlatformSupportModulesInManaged (7ms)
				SetLoadedEditorAssemblies (0ms)
				RefreshPlugins (67ms)
				BeforeProcessingInitializeOnLoad (2ms)
				ProcessInitializeOnLoadAttributes (110ms)
				ProcessInitializeOnLoadMethodAttributes (62ms)
				AfterProcessingInitializeOnLoad (0ms)
				EditorAssembliesLoaded (0ms)
			ExecutionOrderSort2 (0ms)
			AwakeInstancesAfterBackupRestoration (0ms)
Platform modules already initialized, skipping
Registering precompiled user dll's ...
Registered in 0.004871 seconds.
Begin MonoManager ReloadAssembly
Symbol file LoadedFromMemory doesn't match image C:\Users\OSJ\Documents\GitHub\3DGame\Library\PackageCache\com.unity.visualscripting@1.7.8\Editor\VisualScripting.Core\Dependencies\YamlDotNet\Unity.VisualScripting.YamlDotNet.dll
Symbol file LoadedFromMemory doesn't match image C:\Users\OSJ\Documents\GitHub\3DGame\Library\PackageCache\com.unity.visualscripting@1.7.8\Editor\VisualScripting.Core\Dependencies\DotNetZip\Unity.VisualScripting.IonicZip.dll
Native extension for WindowsStandalone target not found
Refreshing native plugins compatible for Editor in 0.48 ms, found 3 plugins.
Preloading 0 native plugins for Editor in 0.00 ms.
Mono: successfully reloaded assembly
- Completed reload, in  1.079 seconds
Domain Reload Profiling:
	ReloadAssembly (1080ms)
		BeginReloadAssembly (112ms)
			ExecutionOrderSort (0ms)
			DisableScriptedObjects (4ms)
			BackupInstance (0ms)
			ReleaseScriptingObjects (0ms)
			CreateAndSetChildDomain (20ms)
		EndReloadAssembly (874ms)
			LoadAssemblies (76ms)
			RebuildTransferFunctionScriptingTraits (0ms)
			SetupTypeCache (223ms)
			ReleaseScriptCaches (0ms)
			RebuildScriptCaches (43ms)
			SetupLoadedEditorAssemblies (502ms)
				LogAssemblyErrors (0ms)
				InitializePlatformSupportModulesInManaged (4ms)
				SetLoadedEditorAssemblies (1ms)
				RefreshPlugins (1ms)
				BeforeProcessingInitializeOnLoad (69ms)
				ProcessInitializeOnLoadAttributes (392ms)
				ProcessInitializeOnLoadMethodAttributes (30ms)
				AfterProcessingInitializeOnLoad (5ms)
				EditorAssembliesLoaded (0ms)
			ExecutionOrderSort2 (0ms)
			AwakeInstancesAfterBackupRestoration (6ms)
Platform modules already initialized, skipping
========================================================================
Worker process is ready to serve import requests
Launched and connected shader compiler UnityShaderCompiler.exe after 0.09 seconds
Refreshing native plugins compatible for Editor in 0.56 ms, found 3 plugins.
Preloading 0 native plugins for Editor in 0.00 ms.
Unloading 3354 Unused Serialized files (Serialized files now loaded: 0)
Unloading 27 unused Assets / (111.4 KB). Loaded Objects now: 3814.
Memory consumption went from 120.5 MB to 120.4 MB.
Total: 3.847700 ms (FindLiveObjects: 0.222500 ms CreateObjectMapping: 0.096800 ms MarkObjects: 3.416200 ms  DeleteObjects: 0.111100 ms)

AssetImportParameters requested are different than current active one (requested -> active):
  custom:video-decoder-ogg-theora: a1e56fd34408186e4bbccfd4996cb3dc -> 
  custom:container-muxer-webm: aa71ff27fc2769a1b78a27578f13a17b -> 
  custom:container-demuxer-webm: 4f35f7cbe854078d1ac9338744f61a02 -> 
  custom:video-encoder-webm-vp8: eb34c28f22e8b96e1ab97ce403110664 -> 
  custom:audio-encoder-webm-vorbis: bf7c407c2cedff20999df2af8eb42d56 -> 
  custom:framework-win-MediaFoundation: 216162199b28c13a410421893ffa2e32 -> 
  custom:container-demuxer-ogg: 62fdf1f143b41e24485cea50d1cbac27 -> 
  custom:video-decoder-webm-vp8: 9c59270c3fd7afecdb556c50c9e8de78 -> 
  custom:audio-decoder-ogg-vorbis: bf7c407c2cedff20999df2af8eb42d56 -> 
========================================================================
Received Import Request.
  Time since last request: 257725.829043 seconds.
  path: Assets/dael/Car/car2/car2.png
  artifactKey: Guid(2907f74d52082ac41a42820aa32d220c) Importer(815301076,1909f56bfc062723c751e8b465ee728b)
Start importing Assets/dael/Car/car2/car2.png using Guid(2907f74d52082ac41a42820aa32d220c) Importer(815301076,1909f56bfc062723c751e8b465ee728b)  -> (artifact id: '0cbfb9c08f7092765b2a3d18f55e8dc2') in 0.071803 seconds 
========================================================================
Received Import Request.
  Time since last request: 2.418217 seconds.
  path: Assets/dael/Car/car3/car3.png
  artifactKey: Guid(fa94e65e133f653459f0fe19e5165042) Importer(815301076,1909f56bfc062723c751e8b465ee728b)
Start importing Assets/dael/Car/car3/car3.png using Guid(fa94e65e133f653459f0fe19e5165042) Importer(815301076,1909f56bfc062723c751e8b465ee728b)  -> (artifact id: '0a76d58380ad8a847b3ac13507fb4b36') in 0.008589 seconds 
========================================================================
Received Prepare
Registering precompiled user dll's ...
Registered in 0.004761 seconds.
Begin MonoManager ReloadAssembly
Symbol file LoadedFromMemory doesn't match image C:\Users\OSJ\Documents\GitHub\3DGame\Library\PackageCache\com.unity.visualscripting@1.7.8\Editor\VisualScripting.Core\Dependencies\YamlDotNet\Unity.VisualScripting.YamlDotNet.dll
Symbol file LoadedFromMemory doesn't match image C:\Users\OSJ\Documents\GitHub\3DGame\Library\PackageCache\com.unity.visualscripting@1.7.8\Editor\VisualScripting.Core\Dependencies\DotNetZip\Unity.VisualScripting.IonicZip.dll
Native extension for WindowsStandalone target not found
Refreshing native plugins compatible for Editor in 0.61 ms, found 3 plugins.
Preloading 0 native plugins for Editor in 0.00 ms.
Mono: successfully reloaded assembly
- Completed reload, in  1.313 seconds
Domain Reload Profiling:
	ReloadAssembly (1314ms)
		BeginReloadAssembly (143ms)
			ExecutionOrderSort (0ms)
			DisableScriptedObjects (4ms)
			BackupInstance (0ms)
			ReleaseScriptingObjects (0ms)
			CreateAndSetChildDomain (41ms)
		EndReloadAssembly (1075ms)
			LoadAssemblies (95ms)
			RebuildTransferFunctionScriptingTraits (0ms)
			SetupTypeCache (270ms)
			ReleaseScriptCaches (1ms)
			RebuildScriptCaches (53ms)
			SetupLoadedEditorAssemblies (603ms)
				LogAssemblyErrors (0ms)
				InitializePlatformSupportModulesInManaged (15ms)
				SetLoadedEditorAssemblies (1ms)
				RefreshPlugins (1ms)
				BeforeProcessingInitializeOnLoad (77ms)
				ProcessInitializeOnLoadAttributes (468ms)
				ProcessInitializeOnLoadMethodAttributes (35ms)
				AfterProcessingInitializeOnLoad (7ms)
				EditorAssembliesLoaded (0ms)
			ExecutionOrderSort2 (0ms)
			AwakeInstancesAfterBackupRestoration (8ms)
Platform modules already initialized, skipping
Refreshing native plugins compatible for Editor in 1.94 ms, found 3 plugins.
Preloading 0 native plugins for Editor in 0.00 ms.
Unloading 3349 Unused Serialized files (Serialized files now loaded: 0)
Unloading 20 unused Assets / (78.7 KB). Loaded Objects now: 3820.
Memory consumption went from 120.5 MB to 120.4 MB.
Total: 4.008800 ms (FindLiveObjects: 0.298900 ms CreateObjectMapping: 0.135800 ms MarkObjects: 3.429200 ms  DeleteObjects: 0.143000 ms)

AssetImportParameters requested are different than current active one (requested -> active):
  custom:video-decoder-ogg-theora: a1e56fd34408186e4bbccfd4996cb3dc -> 
  custom:container-muxer-webm: aa71ff27fc2769a1b78a27578f13a17b -> 
  custom:container-demuxer-webm: 4f35f7cbe854078d1ac9338744f61a02 -> 
  custom:video-encoder-webm-vp8: eb34c28f22e8b96e1ab97ce403110664 -> 
  custom:audio-encoder-webm-vorbis: bf7c407c2cedff20999df2af8eb42d56 -> 
  custom:framework-win-MediaFoundation: 216162199b28c13a410421893ffa2e32 -> 
  custom:container-demuxer-ogg: 62fdf1f143b41e24485cea50d1cbac27 -> 
  custom:video-decoder-webm-vp8: 9c59270c3fd7afecdb556c50c9e8de78 -> 
  custom:audio-decoder-ogg-vorbis: bf7c407c2cedff20999df2af8eb42d56 -> 
========================================================================
Received Prepare
Registering precompiled user dll's ...
Registered in 0.006162 seconds.
Begin MonoManager ReloadAssembly
Symbol file LoadedFromMemory doesn't match image C:\Users\OSJ\Documents\GitHub\3DGame\Library\PackageCache\com.unity.visualscripting@1.7.8\Editor\VisualScripting.Core\Dependencies\YamlDotNet\Unity.VisualScripting.YamlDotNet.dll
Symbol file LoadedFromMemory doesn't match image C:\Users\OSJ\Documents\GitHub\3DGame\Library\PackageCache\com.unity.visualscripting@1.7.8\Editor\VisualScripting.Core\Dependencies\DotNetZip\Unity.VisualScripting.IonicZip.dll
Native extension for WindowsStandalone target not found
Refreshing native plugins compatible for Editor in 0.70 ms, found 3 plugins.
Preloading 0 native plugins for Editor in 0.00 ms.
Mono: successfully reloaded assembly
- Completed reload, in  1.384 seconds
Domain Reload Profiling:
	ReloadAssembly (1386ms)
		BeginReloadAssembly (137ms)
			ExecutionOrderSort (0ms)
			DisableScriptedObjects (5ms)
			BackupInstance (0ms)
			ReleaseScriptingObjects (0ms)
			CreateAndSetChildDomain (36ms)
		EndReloadAssembly (1151ms)
			LoadAssemblies (95ms)
			RebuildTransferFunctionScriptingTraits (0ms)
			SetupTypeCache (286ms)
			ReleaseScriptCaches (1ms)
			RebuildScriptCaches (56ms)
			SetupLoadedEditorAssemblies (655ms)
				LogAssemblyErrors (0ms)
				InitializePlatformSupportModulesInManaged (14ms)
				SetLoadedEditorAssemblies (1ms)
				RefreshPlugins (1ms)
				BeforeProcessingInitializeOnLoad (79ms)
				ProcessInitializeOnLoadAttributes (511ms)
				ProcessInitializeOnLoadMethodAttributes (42ms)
				AfterProcessingInitializeOnLoad (6ms)
				EditorAssembliesLoaded (0ms)
			ExecutionOrderSort2 (0ms)
			AwakeInstancesAfterBackupRestoration (10ms)
Platform modules already initialized, skipping
Refreshing native plugins compatible for Editor in 1.65 ms, found 3 plugins.
Preloading 0 native plugins for Editor in 0.00 ms.
Unloading 3349 Unused Serialized files (Serialized files now loaded: 0)
Unloading 20 unused Assets / (78.8 KB). Loaded Objects now: 3823.
Memory consumption went from 120.5 MB to 120.4 MB.
Total: 4.534800 ms (FindLiveObjects: 0.315300 ms CreateObjectMapping: 0.108600 ms MarkObjects: 3.957300 ms  DeleteObjects: 0.150900 ms)

AssetImportParameters requested are different than current active one (requested -> active):
  custom:video-decoder-ogg-theora: a1e56fd34408186e4bbccfd4996cb3dc -> 
  custom:container-muxer-webm: aa71ff27fc2769a1b78a27578f13a17b -> 
  custom:container-demuxer-webm: 4f35f7cbe854078d1ac9338744f61a02 -> 
  custom:video-encoder-webm-vp8: eb34c28f22e8b96e1ab97ce403110664 -> 
  custom:audio-encoder-webm-vorbis: bf7c407c2cedff20999df2af8eb42d56 -> 
  custom:framework-win-MediaFoundation: 216162199b28c13a410421893ffa2e32 -> 
  custom:container-demuxer-ogg: 62fdf1f143b41e24485cea50d1cbac27 -> 
  custom:video-decoder-webm-vp8: 9c59270c3fd7afecdb556c50c9e8de78 -> 
  custom:audio-decoder-ogg-vorbis: bf7c407c2cedff20999df2af8eb42d56 -> 
========================================================================
Received Import Request.
  Time since last request: 65.783580 seconds.
  path: Assets/dael/Car/car4/car4.png
  artifactKey: Guid(52e3db5ddbcd7304aa3e7d993712451c) Importer(815301076,1909f56bfc062723c751e8b465ee728b)
Start importing Assets/dael/Car/car4/car4.png using Guid(52e3db5ddbcd7304aa3e7d993712451c) Importer(815301076,1909f56bfc062723c751e8b465ee728b)  -> (artifact id: '31e04da400c49b861751f1de174a4f0d') in 0.052785 seconds 
========================================================================
Received Import Request.
  Time since last request: 37.425854 seconds.
  path: Assets/_STD_Frooger/Prefabs/car1.prefab
  artifactKey: Guid(1f38ea19a1e1b46478d7191922a08ef9) Importer(815301076,1909f56bfc062723c751e8b465ee728b)
Start importing Assets/_STD_Frooger/Prefabs/car1.prefab using Guid(1f38ea19a1e1b46478d7191922a08ef9) Importer(815301076,1909f56bfc062723c751e8b465ee728b)  -> (artifact id: '61cb8d5218ba3571028ad36169daee9b') in 0.084284 seconds 
========================================================================
Received Prepare
Registering precompiled user dll's ...
Registered in 0.003831 seconds.
Begin MonoManager ReloadAssembly
Symbol file LoadedFromMemory doesn't match image C:\Users\OSJ\Documents\GitHub\3DGame\Library\PackageCache\com.unity.visualscripting@1.7.8\Editor\VisualScripting.Core\Dependencies\YamlDotNet\Unity.VisualScripting.YamlDotNet.dll
Symbol file LoadedFromMemory doesn't match image C:\Users\OSJ\Documents\GitHub\3DGame\Library\PackageCache\com.unity.visualscripting@1.7.8\Editor\VisualScripting.Core\Dependencies\DotNetZip\Unity.VisualScripting.IonicZip.dll
Native extension for WindowsStandalone target not found
Refreshing native plugins compatible for Editor in 0.81 ms, found 3 plugins.
Preloading 0 native plugins for Editor in 0.00 ms.
Mono: successfully reloaded assembly
- Completed reload, in  1.243 seconds
Domain Reload Profiling:
	ReloadAssembly (1244ms)
		BeginReloadAssembly (125ms)
			ExecutionOrderSort (0ms)
			DisableScriptedObjects (4ms)
			BackupInstance (0ms)
			ReleaseScriptingObjects (0ms)
			CreateAndSetChildDomain (34ms)
		EndReloadAssembly (1031ms)
			LoadAssemblies (82ms)
			RebuildTransferFunctionScriptingTraits (0ms)
			SetupTypeCache (245ms)
			ReleaseScriptCaches (1ms)
			RebuildScriptCaches (41ms)
			SetupLoadedEditorAssemblies (610ms)
				LogAssemblyErrors (0ms)
				InitializePlatformSupportModulesInManaged (16ms)
				SetLoadedEditorAssemblies (1ms)
				RefreshPlugins (1ms)
				BeforeProcessingInitializeOnLoad (71ms)
				ProcessInitializeOnLoadAttributes (477ms)
				ProcessInitializeOnLoadMethodAttributes (35ms)
				AfterProcessingInitializeOnLoad (8ms)
				EditorAssembliesLoaded (0ms)
			ExecutionOrderSort2 (0ms)
			AwakeInstancesAfterBackupRestoration (10ms)
Platform modules already initialized, skipping
Refreshing native plugins compatible for Editor in 3.57 ms, found 3 plugins.
Preloading 0 native plugins for Editor in 0.00 ms.
Unloading 3349 Unused Serialized files (Serialized files now loaded: 0)
Unloading 20 unused Assets / (78.7 KB). Loaded Objects now: 3832.
Memory consumption went from 124.8 MB to 124.7 MB.
Total: 3.657800 ms (FindLiveObjects: 0.232300 ms CreateObjectMapping: 0.117200 ms MarkObjects: 3.189100 ms  DeleteObjects: 0.117600 ms)

AssetImportParameters requested are different than current active one (requested -> active):
  custom:video-decoder-ogg-theora: a1e56fd34408186e4bbccfd4996cb3dc -> 
  custom:container-muxer-webm: aa71ff27fc2769a1b78a27578f13a17b -> 
  custom:container-demuxer-webm: 4f35f7cbe854078d1ac9338744f61a02 -> 
  custom:video-encoder-webm-vp8: eb34c28f22e8b96e1ab97ce403110664 -> 
  custom:audio-encoder-webm-vorbis: bf7c407c2cedff20999df2af8eb42d56 -> 
  custom:framework-win-MediaFoundation: 216162199b28c13a410421893ffa2e32 -> 
  custom:container-demuxer-ogg: 62fdf1f143b41e24485cea50d1cbac27 -> 
  custom:video-decoder-webm-vp8: 9c59270c3fd7afecdb556c50c9e8de78 -> 
  custom:audio-decoder-ogg-vorbis: bf7c407c2cedff20999df2af8eb42d56 -> 
========================================================================
Received Import Request.
  Time since last request: 151.345604 seconds.
  path: Assets/AurynSky/WinterArena/Models/Flag.fbx
  artifactKey: Guid(5e7fd0079fd82004f9860bf4619d8cca) Importer(815301076,1909f56bfc062723c751e8b465ee728b)
Start importing Assets/AurynSky/WinterArena/Models/Flag.fbx using Guid(5e7fd0079fd82004f9860bf4619d8cca) Importer(815301076,1909f56bfc062723c751e8b465ee728b)  -> (artifact id: '0efb94ce9077768a65f27a4e20f544ed') in 0.179515 seconds 
========================================================================
Received Import Request.
  Time since last request: 0.000033 seconds.
  path: Assets/AurynSky/WinterArena/Models/SnowLine.fbx
  artifactKey: Guid(e51a4b17b643e1b4cb72f15cde8b9b00) Importer(815301076,1909f56bfc062723c751e8b465ee728b)
Start importing Assets/AurynSky/WinterArena/Models/SnowLine.fbx using Guid(e51a4b17b643e1b4cb72f15cde8b9b00) Importer(815301076,1909f56bfc062723c751e8b465ee728b)  -> (artifact id: '730f1a52274b8f21c1cba099c3e3f915') in 0.041976 seconds 
========================================================================
Received Import Request.
  Time since last request: 0.000054 seconds.
  path: Assets/AurynSky/WinterArena/Models/SnowEnd_v2.fbx
  artifactKey: Guid(25a7a2e0e4b37e845b922aa6deab4d69) Importer(815301076,1909f56bfc062723c751e8b465ee728b)
Start importing Assets/AurynSky/WinterArena/Models/SnowEnd_v2.fbx using Guid(25a7a2e0e4b37e845b922aa6deab4d69) Importer(815301076,1909f56bfc062723c751e8b465ee728b)  -> (artifact id: '7ab8a9a1acfdffbc5f3b5a44e80bb091') in 0.039440 seconds 
========================================================================
Received Import Request.
  Time since last request: 0.000028 seconds.
  path: Assets/AurynSky/WinterArena/Models/WinterBridge_Section.fbx
  artifactKey: Guid(4fe47052fe4d4434da8e9bd6104dc23c) Importer(815301076,1909f56bfc062723c751e8b465ee728b)
Start importing Assets/AurynSky/WinterArena/Models/WinterBridge_Section.fbx using Guid(4fe47052fe4d4434da8e9bd6104dc23c) Importer(815301076,1909f56bfc062723c751e8b465ee728b)  -> (artifact id: 'd2f299f64567f5fa4e958c1ad29f9e3a') in 0.038909 seconds 
========================================================================
Received Import Request.
  Time since last request: 0.000043 seconds.
  path: Assets/AurynSky/WinterArena/Models/Tower_W.fbx
  artifactKey: Guid(c73dae5f4a5c46a44b41456bf30328c4) Importer(815301076,1909f56bfc062723c751e8b465ee728b)
Start importing Assets/AurynSky/WinterArena/Models/Tower_W.fbx using Guid(c73dae5f4a5c46a44b41456bf30328c4) Importer(815301076,1909f56bfc062723c751e8b465ee728b)  -> (artifact id: 'aab55438f20c72b9e4599bcb5933dc72') in 0.042210 seconds 
========================================================================
Received Import Request.
  Time since last request: 0.000027 seconds.
  path: Assets/AurynSky/WinterArena/Models/WinterBarrel.fbx
  artifactKey: Guid(2fffe8a0a31ac1442a97ca48d6a53476) Importer(815301076,1909f56bfc062723c751e8b465ee728b)
Start importing Assets/AurynSky/WinterArena/Models/WinterBarrel.fbx using Guid(2fffe8a0a31ac1442a97ca48d6a53476) Importer(815301076,1909f56bfc062723c751e8b465ee728b)  -> (artifact id: '200bbf42af6454184691154acbdbcd76') in 0.040605 seconds 
========================================================================
Received Import Request.
  Time since last request: 0.000034 seconds.
  path: Assets/AurynSky/WinterArena/Models/Shovel.fbx
  artifactKey: Guid(4ae327ac4fdca834f8e5130823945892) Importer(815301076,1909f56bfc062723c751e8b465ee728b)
Start importing Assets/AurynSky/WinterArena/Models/Shovel.fbx using Guid(4ae327ac4fdca834f8e5130823945892) Importer(815301076,1909f56bfc062723c751e8b465ee728b)  -> (artifact id: '0a6d51f95899efaacb61ba4c1e7dcc18') in 0.036099 seconds 
========================================================================
Received Import Request.
  Time since last request: 0.000033 seconds.
  path: Assets/AurynSky/WinterArena/Models/SnowCorner_v2.fbx
  artifactKey: Guid(47bfee777d4120a409c6a7536e167684) Importer(815301076,1909f56bfc062723c751e8b465ee728b)
Start importing Assets/AurynSky/WinterArena/Models/SnowCorner_v2.fbx using Guid(47bfee777d4120a409c6a7536e167684) Importer(815301076,1909f56bfc062723c751e8b465ee728b)  -> (artifact id: 'e4c3dd31fb2e0506b8035f9844b24e85') in 0.045185 seconds 
========================================================================
Received Import Request.
  Time since last request: 0.000036 seconds.
  path: Assets/AurynSky/WinterArena/Models/SnowEnd.fbx
  artifactKey: Guid(b0afcbbf94f580d49bb606b0d50b7f2c) Importer(815301076,1909f56bfc062723c751e8b465ee728b)
Start importing Assets/AurynSky/WinterArena/Models/SnowEnd.fbx using Guid(b0afcbbf94f580d49bb606b0d50b7f2c) Importer(815301076,1909f56bfc062723c751e8b465ee728b)  -> (artifact id: '5f7120a83ec7899e286afd24f52a82cf') in 0.041279 seconds 
========================================================================
Received Import Request.
  Time since last request: 0.000029 seconds.
  path: Assets/AurynSky/WinterArena/Models/WinterBrazier_v2.fbx
  artifactKey: Guid(28a336976289fb146bce57c8bb0815fc) Importer(815301076,1909f56bfc062723c751e8b465ee728b)
Start importing Assets/AurynSky/WinterArena/Models/WinterBrazier_v2.fbx using Guid(28a336976289fb146bce57c8bb0815fc) Importer(815301076,1909f56bfc062723c751e8b465ee728b)  -> (artifact id: '1372de8039504a3fdb697ffb1fcf5b52') in 0.041434 seconds 
========================================================================
Received Import Request.
  Time since last request: 0.491686 seconds.
  path: Assets/AurynSky/WinterArena/Prefabs/Fire&Smoke.prefab
  artifactKey: Guid(4a8fc365f726ad54693945c87f027798) Importer(815301076,1909f56bfc062723c751e8b465ee728b)
Start importing Assets/AurynSky/WinterArena/Prefabs/Fire&Smoke.prefab using Guid(4a8fc365f726ad54693945c87f027798) Importer(815301076,1909f56bfc062723c751e8b465ee728b)  -> (artifact id: '067f42b7898422c33e763dde54ba8d7e') in 0.048462 seconds 
========================================================================
Received Import Request.
  Time since last request: 0.000033 seconds.
  path: Assets/AurynSky/WinterArena/Prefabs/WinterBrazier.prefab
  artifactKey: Guid(92484f07dac8f2342af273b0bc4d24ad) Importer(815301076,1909f56bfc062723c751e8b465ee728b)
Start importing Assets/AurynSky/WinterArena/Prefabs/WinterBrazier.prefab using Guid(92484f07dac8f2342af273b0bc4d24ad) Importer(815301076,1909f56bfc062723c751e8b465ee728b)  -> (artifact id: '041db6642ae1e93756a2dbcd1ad1d907') in 0.040564 seconds 
========================================================================
Received Import Request.
  Time since last request: 0.000038 seconds.
  path: Assets/AurynSky/WinterArena/Prefabs/WinterCatapult_Ski_v2.prefab
  artifactKey: Guid(22ff76881a1425244b56917071e6940e) Importer(815301076,1909f56bfc062723c751e8b465ee728b)
Start importing Assets/AurynSky/WinterArena/Prefabs/WinterCatapult_Ski_v2.prefab using Guid(22ff76881a1425244b56917071e6940e) Importer(815301076,1909f56bfc062723c751e8b465ee728b)  -> (artifact id: '881210470b62e4eb96586cc8ff256ccc') in 0.071161 seconds 
========================================================================
Received Import Request.
  Time since last request: 0.000029 seconds.
  path: Assets/AurynSky/WinterArena/Prefabs/WinterCatapult_Ski.prefab
  artifactKey: Guid(98d17d9530a570342ba48ca7b5c7642b) Importer(815301076,1909f56bfc062723c751e8b465ee728b)
Start importing Assets/AurynSky/WinterArena/Prefabs/WinterCatapult_Ski.prefab using Guid(98d17d9530a570342ba48ca7b5c7642b) Importer(815301076,1909f56bfc062723c751e8b465ee728b)  -> (artifact id: '307af662fd230b601fd81ffcca06cbf7') in 0.024261 seconds 
========================================================================
Received Import Request.
  Time since last request: 0.000036 seconds.
  path: Assets/AurynSky/WinterArena/Prefabs/Snow.prefab
  artifactKey: Guid(be5366f4dddf8ca4ebe9c7f86e0904ad) Importer(815301076,1909f56bfc062723c751e8b465ee728b)
Start importing Assets/AurynSky/WinterArena/Prefabs/Snow.prefab using Guid(be5366f4dddf8ca4ebe9c7f86e0904ad) Importer(815301076,1909f56bfc062723c751e8b465ee728b)  -> (artifact id: '48f73eeb30ef476284355bc1a6276cac') in 0.017106 seconds 
========================================================================
Received Import Request.
  Time since last request: 0.000030 seconds.
  path: Assets/AurynSky/WinterArena/Prefabs/WinterCastleDoor_L.prefab
  artifactKey: Guid(5c74e0faf441711409323d6f5defc5c6) Importer(815301076,1909f56bfc062723c751e8b465ee728b)
Start importing Assets/AurynSky/WinterArena/Prefabs/WinterCastleDoor_L.prefab using Guid(5c74e0faf441711409323d6f5defc5c6) Importer(815301076,1909f56bfc062723c751e8b465ee728b)  -> (artifact id: '2b634d569876a04245438f5655e6f782') in 0.026818 seconds 
========================================================================
Received Import Request.
  Time since last request: 0.000031 seconds.
  path: Assets/AurynSky/WinterArena/Prefabs/WinterBridgeWide_Section.prefab
  artifactKey: Guid(e685212d9f39dc942b2b23c23a7a719d) Importer(815301076,1909f56bfc062723c751e8b465ee728b)
Start importing Assets/AurynSky/WinterArena/Prefabs/WinterBridgeWide_Section.prefab using Guid(e685212d9f39dc942b2b23c23a7a719d) Importer(815301076,1909f56bfc062723c751e8b465ee728b)  -> (artifact id: 'ce998ae4e5a5422402d0d906c2e55e84') in 0.028753 seconds 
========================================================================
Received Import Request.
  Time since last request: 0.000033 seconds.
  path: Assets/AurynSky/WinterArena/Prefabs/WinterCannonBall_v2.prefab
  artifactKey: Guid(498ab73503f017945a0ed30144a656fd) Importer(815301076,1909f56bfc062723c751e8b465ee728b)
Start importing Assets/AurynSky/WinterArena/Prefabs/WinterCannonBall_v2.prefab using Guid(498ab73503f017945a0ed30144a656fd) Importer(815301076,1909f56bfc062723c751e8b465ee728b)  -> (artifact id: '392a94ca2b3ac31fa914598ef7a00156') in 0.028440 seconds 
========================================================================
Received Import Request.
  Time since last request: 0.370810 seconds.
  path: Assets/AurynSky/WinterArena/Prefabs/WinterCatapult_v2.prefab
  artifactKey: Guid(e09c43c4dd9ac80499cd9faa1dfb3d63) Importer(815301076,1909f56bfc062723c751e8b465ee728b)
Start importing Assets/AurynSky/WinterArena/Prefabs/WinterCatapult_v2.prefab using Guid(e09c43c4dd9ac80499cd9faa1dfb3d63) Importer(815301076,1909f56bfc062723c751e8b465ee728b)  -> (artifact id: '5ef1af7a3566f1c526f3533addf3d903') in 0.025081 seconds 
========================================================================
Received Import Request.
  Time since last request: 0.027941 seconds.
  path: Assets/AurynSky/WinterArena/Prefabs/WinterChest_v2.prefab
  artifactKey: Guid(015da0ca42aad264790326f03ec99927) Importer(815301076,1909f56bfc062723c751e8b465ee728b)
Start importing Assets/AurynSky/WinterArena/Prefabs/WinterChest_v2.prefab using Guid(015da0ca42aad264790326f03ec99927) Importer(815301076,1909f56bfc062723c751e8b465ee728b)  -> (artifact id: '5b0bea91e0f440ea1ab5eab9cb503d06') in 0.049139 seconds 
========================================================================
Received Import Request.
  Time since last request: 0.000025 seconds.
  path: Assets/AurynSky/WinterArena/Prefabs/WinterCrate_LG.prefab
  artifactKey: Guid(1ce2ab11f64c7334e9260fb81ac10a90) Importer(815301076,1909f56bfc062723c751e8b465ee728b)
Start importing Assets/AurynSky/WinterArena/Prefabs/WinterCrate_LG.prefab using Guid(1ce2ab11f64c7334e9260fb81ac10a90) Importer(815301076,1909f56bfc062723c751e8b465ee728b)  -> (artifact id: 'cb83b8d756e3d877af1b5bfe4c51c3a6') in 0.034079 seconds 
========================================================================
Received Import Request.
  Time since last request: 0.207226 seconds.
  path: Assets/AurynSky/WinterArena/Prefabs/WinterCrate_MD.prefab
  artifactKey: Guid(d45e0d96dfe73c145b5cbc18a2e41084) Importer(815301076,1909f56bfc062723c751e8b465ee728b)
Start importing Assets/AurynSky/WinterArena/Prefabs/WinterCrate_MD.prefab using Guid(d45e0d96dfe73c145b5cbc18a2e41084) Importer(815301076,1909f56bfc062723c751e8b465ee728b)  -> (artifact id: '6f89bd02b78b788fdeab4d50a3f11f63') in 0.023906 seconds 
========================================================================
Received Import Request.
  Time since last request: 0.000029 seconds.
  path: Assets/AurynSky/WinterArena/Prefabs/WinterCubeLarge_v2.prefab
  artifactKey: Guid(01dd818fb945da74490ada314c52a16e) Importer(815301076,1909f56bfc062723c751e8b465ee728b)
Start importing Assets/AurynSky/WinterArena/Prefabs/WinterCubeLarge_v2.prefab using Guid(01dd818fb945da74490ada314c52a16e) Importer(815301076,1909f56bfc062723c751e8b465ee728b)  -> (artifact id: '0796d49a1a8d0e3f3c9faf6b0b78065d') in 0.030990 seconds 
========================================================================
Received Import Request.
  Time since last request: 0.018998 seconds.
  path: Assets/AurynSky/WinterArena/Prefabs/WinterCubeMedium.prefab
  artifactKey: Guid(7ea2dd0fb00473449b677259eba93ea2) Importer(815301076,1909f56bfc062723c751e8b465ee728b)
Start importing Assets/AurynSky/WinterArena/Prefabs/WinterCubeMedium.prefab using Guid(7ea2dd0fb00473449b677259eba93ea2) Importer(815301076,1909f56bfc062723c751e8b465ee728b)  -> (artifact id: 'ddb560fffd3fca32e6cc7563512a3812') in 0.031687 seconds 
========================================================================
Received Import Request.
  Time since last request: 1.400065 seconds.
  path: Assets/_STD_Frooger/Prefabs/GameObject (1).prefab
  artifactKey: Guid(be6b1071d89dcdc458b39fd8e76fd266) Importer(815301076,1909f56bfc062723c751e8b465ee728b)
Start importing Assets/_STD_Frooger/Prefabs/GameObject (1).prefab using Guid(be6b1071d89dcdc458b39fd8e76fd266) Importer(815301076,1909f56bfc062723c751e8b465ee728b)  -> (artifact id: '4acec03a2c945e35c5fa6c3a755fdd13') in 0.011673 seconds 
========================================================================
Received Import Request.
  Time since last request: 55.860634 seconds.
  path: Assets/_STD_Frooger/Prefabs/car4.prefab
  artifactKey: Guid(55f9944f1ff4e2e46b7220d82db7308f) Importer(815301076,1909f56bfc062723c751e8b465ee728b)
Start importing Assets/_STD_Frooger/Prefabs/car4.prefab using Guid(55f9944f1ff4e2e46b7220d82db7308f) Importer(815301076,1909f56bfc062723c751e8b465ee728b)  -> (artifact id: '6174baabeae69f37c7e69c18a0ce341e') in 0.030130 seconds 
========================================================================
Received Import Request.
  Time since last request: 0.008724 seconds.
  path: Assets/_STD_Frooger/Prefabs/car2.prefab
  artifactKey: Guid(0f73adcd25be9f64a98d55f8016b8631) Importer(815301076,1909f56bfc062723c751e8b465ee728b)
Start importing Assets/_STD_Frooger/Prefabs/car2.prefab using Guid(0f73adcd25be9f64a98d55f8016b8631) Importer(815301076,1909f56bfc062723c751e8b465ee728b)  -> (artifact id: '761257fee2479dd4afb81cbd280209e4') in 0.019505 seconds 
========================================================================
Received Prepare
Registering precompiled user dll's ...
Registered in 0.004370 seconds.
Begin MonoManager ReloadAssembly
Symbol file LoadedFromMemory doesn't match image C:\Users\OSJ\Documents\GitHub\3DGame\Library\PackageCache\com.unity.visualscripting@1.7.8\Editor\VisualScripting.Core\Dependencies\YamlDotNet\Unity.VisualScripting.YamlDotNet.dll
Symbol file LoadedFromMemory doesn't match image C:\Users\OSJ\Documents\GitHub\3DGame\Library\PackageCache\com.unity.visualscripting@1.7.8\Editor\VisualScripting.Core\Dependencies\DotNetZip\Unity.VisualScripting.IonicZip.dll
Native extension for WindowsStandalone target not found
Refreshing native plugins compatible for Editor in 0.60 ms, found 3 plugins.
Preloading 0 native plugins for Editor in 0.00 ms.
Mono: successfully reloaded assembly
- Completed reload, in  1.242 seconds
Domain Reload Profiling:
	ReloadAssembly (1243ms)
		BeginReloadAssembly (133ms)
			ExecutionOrderSort (0ms)
			DisableScriptedObjects (4ms)
			BackupInstance (0ms)
			ReleaseScriptingObjects (0ms)
			CreateAndSetChildDomain (41ms)
		EndReloadAssembly (1011ms)
			LoadAssemblies (81ms)
			RebuildTransferFunctionScriptingTraits (0ms)
			SetupTypeCache (254ms)
			ReleaseScriptCaches (1ms)
			RebuildScriptCaches (45ms)
			SetupLoadedEditorAssemblies (575ms)
				LogAssemblyErrors (0ms)
				InitializePlatformSupportModulesInManaged (15ms)
				SetLoadedEditorAssemblies (1ms)
				RefreshPlugins (1ms)
				BeforeProcessingInitializeOnLoad (70ms)
				ProcessInitializeOnLoadAttributes (451ms)
				ProcessInitializeOnLoadMethodAttributes (30ms)
				AfterProcessingInitializeOnLoad (7ms)
				EditorAssembliesLoaded (0ms)
			ExecutionOrderSort2 (0ms)
			AwakeInstancesAfterBackupRestoration (9ms)
Platform modules already initialized, skipping
Refreshing native plugins compatible for Editor in 1.96 ms, found 3 plugins.
Preloading 0 native plugins for Editor in 0.00 ms.
Unloading 3349 Unused Serialized files (Serialized files now loaded: 0)
Unloading 20 unused Assets / (78.7 KB). Loaded Objects now: 3872.
Memory consumption went from 137.9 MB to 137.8 MB.
Total: 3.440600 ms (FindLiveObjects: 0.224600 ms CreateObjectMapping: 0.108100 ms MarkObjects: 2.974200 ms  DeleteObjects: 0.131700 ms)

AssetImportParameters requested are different than current active one (requested -> active):
  custom:video-decoder-ogg-theora: a1e56fd34408186e4bbccfd4996cb3dc -> 
  custom:container-muxer-webm: aa71ff27fc2769a1b78a27578f13a17b -> 
  custom:container-demuxer-webm: 4f35f7cbe854078d1ac9338744f61a02 -> 
  custom:video-encoder-webm-vp8: eb34c28f22e8b96e1ab97ce403110664 -> 
  custom:audio-encoder-webm-vorbis: bf7c407c2cedff20999df2af8eb42d56 -> 
  custom:framework-win-MediaFoundation: 216162199b28c13a410421893ffa2e32 -> 
  custom:container-demuxer-ogg: 62fdf1f143b41e24485cea50d1cbac27 -> 
  custom:video-decoder-webm-vp8: 9c59270c3fd7afecdb556c50c9e8de78 -> 
  custom:audio-decoder-ogg-vorbis: bf7c407c2cedff20999df2af8eb42d56 -> 
Editor requested this worker to shutdown with reason: Scaling down because of idle timeout
AssetImportWorker is now disconnected from the server
Process exiting
Exiting without the bug reporter. Application will terminate with return code 0